Using pre-set license
Built from '2020.2/release' branch; Version is '2020.2.2f1 (068178b99f32) revision 426360'; Using compiler version '192528614'; Build Type 'Release'
OS: 'Windows 10 Home; OS build 19042.928; Version 2009; 64bit' Language: 'en' Physical Memory: 16268 MB
BatchMode: 1, IsHumanControllingUs: 0, StartBugReporterOnCrash: 0, Is64bit: 1, IsPro: 0

 COMMAND LINE ARGUMENTS:
D:\Program Files\Unity Projects\2020.2.2f1\Editor\Unity.exe
-adb2
-batchMode
-noUpm
-name
AssetImportWorker1
-projectPath
D:/Program Files/Unity Projects/ZombieContainmentGame/Zombie Containment Game (Name in works)
-logFile
Logs/AssetImportWorker1.log
-srvPort
50143
Successfully changed project path to: D:/Program Files/Unity Projects/ZombieContainmentGame/Zombie Containment Game (Name in works)
D:/Program Files/Unity Projects/ZombieContainmentGame/Zombie Containment Game (Name in works)
Using Asset Import Pipeline V2.
Refreshing native plugins compatible for Editor in 50.41 ms, found 0 plugins.
Preloading 0 native plugins for Editor in 0.00 ms.
Initialize engine version: 2020.2.2f1 (068178b99f32)
[Subsystems] Discovering subsystems at path D:/Program Files/Unity Projects/2020.2.2f1/Editor/Data/Resources/UnitySubsystems
[Subsystems] Discovering subsystems at path D:/Program Files/Unity Projects/ZombieContainmentGame/Zombie Containment Game (Name in works)/Assets
GfxDevice: creating device client; threaded=0
